<?xml version="1.0" encoding="UTF-8"?>
<!-- Generated by org.testng.reporters.JUnitReportReporter -->
<testsuite hostname="DESKTOP-UCU1O43" failures="0" tests="1" name="com.qa.testscripts.My_Test" time="4.347" errors="0" timestamp="2025-09-09T10:22:00 IST" skipped="0">
  <testcase classname="com.qa.testscripts.My_Test" name="LaunchBrowser" time="4.347"/>
</testsuite> <!-- com.qa.testscripts.My_Test -->
